Next step: 0
0 -1.79990000000000E+0002
end of iteration step no. 1
Next step: 1
1 -1.78990000000000E+0002
end of iteration step no. 2
Next step: 2
2 -1.77990000000000E+0002
end of iteration step no. 3
Next step: 3
3 -1.76990000000000E+0002
end of iteration step no. 4
Next step: 4
4 -1.75990000000000E+0002
end of iteration step no. 5
Next step: 5
5 -1.74990000000000E+0002
end of iteration step no. 6
Next step: 6
6 -1.73990000000000E+0002
end of iteration step no. 7
Next step: 7
7 -1.72990000000000E+0002
end of iteration step no. 8
Next step: 8
8 -1.71990000000000E+0002
end of iteration step no. 9
Next step: 9
9 -1.70990000000000E+0002
end of iteration step no. 10
Next step: 10
10 -1.69990000000000E+0002
end of iteration step no. 11
Next step: 11
11 -1.68990000000000E+0002
end of iteration step no. 12
Next step: 12
12 -1.67990000000000E+0002
end of iteration step no. 13
Next step: 13
13 -1.66990000000000E+0002
end of iteration step no. 14
Next step: 14
14 -1.65990000000000E+0002
end of iteration step no. 15
Next step: 15
15 -1.64990000000000E+0002
end of iteration step no. 16
Next step: 16
16 -1.63990000000000E+0002
end of iteration step no. 17
Next step: 17
17 -1.62990000000000E+0002
end of iteration step no. 18
Next step: 18
18 -1.61990000000000E+0002
end of iteration step no. 19
Next step: 19
19 -1.60990000000000E+0002
end of iteration step no. 20
Next step: 20
20 -1.59990000000000E+0002
end of iteration step no. 21
Next step: 21
21 -1.58990000000000E+0002
end of iteration step no. 22
Next step: 22
22 -1.57990000000000E+0002
end of iteration step no. 23
Next step: 23
23 -1.56990000000000E+0002
end of iteration step no. 24
Next step: 24
24 -1.55990000000000E+0002
end of iteration step no. 25
Next step: 25
25 -1.54990000000000E+0002
end of iteration step no. 26
Next step: 26
26 -1.53990000000000E+0002
end of iteration step no. 27
Next step: 27
27 -1.52990000000000E+0002
end of iteration step no. 28
Next step: 28
28 -1.51990000000000E+0002
end of iteration step no. 29
Next step: 29
29 -1.50990000000000E+0002
end of iteration step no. 30
Next step: 30
30 -1.49990000000000E+0002
end of iteration step no. 31
Next step: 31
31 -1.48990000000000E+0002
end of iteration step no. 32
Next step: 32
32 -1.47990000000000E+0002
end of iteration step no. 33
Next step: 33
33 -1.46990000000000E+0002
end of iteration step no. 34
Next step: 34
34 -1.45990000000000E+0002
end of iteration step no. 35
Next step: 35
35 -1.44990000000000E+0002
end of iteration step no. 36
Next step: 36
36 -1.43990000000000E+0002
end of iteration step no. 37
Next step: 37
37 -1.42990000000000E+0002
end of iteration step no. 38
Next step: 38
38 -1.41990000000000E+0002
end of iteration step no. 39
Next step: 39
39 -1.40990000000000E+0002
end of iteration step no. 40
Next step: 40
40 -1.39990000000000E+0002
end of iteration step no. 41
Next step: 41
41 -1.38990000000000E+0002
end of iteration step no. 42
Next step: 42
42 -1.37990000000000E+0002
end of iteration step no. 43
Next step: 43
43 -1.36990000000000E+0002
end of iteration step no. 44
Next step: 44
44 -1.35990000000000E+0002
end of iteration step no. 45
Next step: 45
45 -1.34990000000000E+0002
end of iteration step no. 46
Next step: 46
46 -1.33990000000000E+0002
end of iteration step no. 47
Next step: 47
47 -1.32990000000000E+0002
end of iteration step no. 48
Next step: 48
48 -1.31990000000000E+0002
end of iteration step no. 49
Next step: 49
49 -1.30990000000000E+0002
end of iteration step no. 50
Next step: 50
50 -1.29990000000000E+0002
end of iteration step no. 51
Next step: 51
51 -1.28990000000000E+0002
end of iteration step no. 52
Next step: 52
52 -1.27990000000000E+0002
end of iteration step no. 53
Next step: 53
53 -1.26990000000000E+0002
end of iteration step no. 54
Next step: 54
54 -1.25990000000000E+0002
end of iteration step no. 55
Next step: 55
55 -1.24990000000000E+0002
end of iteration step no. 56
Next step: 56
56 -1.23990000000000E+0002
end of iteration step no. 57
Next step: 57
57 -1.22990000000000E+0002
end of iteration step no. 58
Next step: 58
58 -1.21990000000000E+0002
end of iteration step no. 59
Next step: 59
59 -1.20990000000000E+0002
end of iteration step no. 60
Next step: 60
60 -1.19990000000000E+0002
end of iteration step no. 61
Next step: 61
61 -1.18990000000000E+0002
end of iteration step no. 62
Next step: 62
62 -1.17990000000000E+0002
end of iteration step no. 63
Next step: 63
63 -1.16990000000000E+0002
end of iteration step no. 64
Next step: 64
64 -1.15990000000000E+0002
end of iteration step no. 65
Next step: 65
65 -1.14990000000000E+0002
end of iteration step no. 66
Next step: 66
66 -1.13990000000000E+0002
end of iteration step no. 67
Next step: 67
67 -1.12990000000000E+0002
end of iteration step no. 68
Next step: 68
68 -1.11990000000000E+0002
end of iteration step no. 69
Next step: 69
69 -1.10990000000000E+0002
end of iteration step no. 70
Next step: 70
70 -1.09990000000000E+0002
end of iteration step no. 71
Next step: 71
71 -1.08990000000000E+0002
end of iteration step no. 72
Next step: 72
72 -1.07990000000000E+0002
end of iteration step no. 73
Next step: 73
73 -1.06990000000000E+0002
end of iteration step no. 74
Next step: 74
74 -1.05990000000000E+0002
end of iteration step no. 75
Next step: 75
75 -1.04990000000000E+0002
end of iteration step no. 76
Next step: 76
76 -1.03990000000000E+0002
end of iteration step no. 77
Next step: 77
77 -1.02990000000000E+0002
end of iteration step no. 78
Next step: 78
78 -1.01990000000000E+0002
end of iteration step no. 79
Next step: 79
79 -1.00990000000000E+0002
end of iteration step no. 80
Next step: 80
80 -9.99900000000000E+0001
end of iteration step no. 81
Next step: 81
81 -9.89900000000000E+0001
end of iteration step no. 82
Next step: 82
82 -9.79900000000000E+0001
end of iteration step no. 83
Next step: 83
83 -9.69900000000000E+0001
end of iteration step no. 84
Next step: 84
84 -9.59900000000000E+0001
end of iteration step no. 85
Next step: 85
85 -9.49900000000000E+0001
end of iteration step no. 86
Next step: 86
86 -9.39900000000000E+0001
end of iteration step no. 87
Next step: 87
87 -9.29900000000000E+0001
end of iteration step no. 88
Next step: 88
88 -9.19900000000000E+0001
end of iteration step no. 89
Next step: 89
89 -9.09900000000000E+0001
end of iteration step no. 90
Next step: 90
90 -8.99900000000000E+0001
end of iteration step no. 91
Next step: 91
91 -8.89900000000000E+0001
end of iteration step no. 92
Next step: 92
92 -8.79900000000000E+0001
end of iteration step no. 93
Next step: 93
93 -8.69900000000000E+0001
end of iteration step no. 94
Next step: 94
94 -8.59900000000000E+0001
end of iteration step no. 95
Next step: 95
95 -8.49900000000000E+0001
end of iteration step no. 96
Next step: 96
96 -8.39900000000000E+0001
end of iteration step no. 97
Next step: 97
97 -8.29900000000000E+0001
end of iteration step no. 98
Next step: 98
98 -8.19900000000000E+0001
end of iteration step no. 99
Next step: 99
99 -8.09900000000000E+0001
end of iteration step no. 100
Next step: 100
100 -7.99900000000000E+0001
end of iteration step no. 101
Next step: 101
101 -7.89900000000000E+0001
end of iteration step no. 102
Next step: 102
102 -7.79900000000000E+0001
end of iteration step no. 103
Next step: 103
103 -7.69900000000000E+0001
end of iteration step no. 104
Next step: 104
104 -7.59900000000000E+0001
end of iteration step no. 105
Next step: 105
105 -7.49900000000000E+0001
end of iteration step no. 106
Next step: 106
106 -7.39900000000000E+0001
end of iteration step no. 107
Next step: 107
107 -7.29900000000000E+0001
end of iteration step no. 108
Next step: 108
108 -7.19900000000000E+0001
end of iteration step no. 109
Next step: 109
109 -7.09900000000000E+0001
end of iteration step no. 110
Next step: 110
110 -6.99900000000000E+0001
end of iteration step no. 111
Next step: 111
111 -6.89900000000000E+0001
end of iteration step no. 112
Next step: 112
112 -6.79900000000000E+0001
end of iteration step no. 113
Next step: 113
113 -6.69900000000000E+0001
end of iteration step no. 114
Next step: 114
114 -6.59900000000000E+0001
end of iteration step no. 115
Next step: 115
115 -6.49900000000000E+0001
end of iteration step no. 116
Next step: 116
116 -6.39900000000000E+0001
end of iteration step no. 117
Next step: 117
117 -6.29900000000000E+0001
end of iteration step no. 118
Next step: 118
118 -6.19900000000000E+0001
end of iteration step no. 119
Next step: 119
119 -6.09900000000000E+0001
end of iteration step no. 120
Next step: 120
120 -5.99900000000000E+0001
end of iteration step no. 121
Next step: 121
121 -5.89900000000000E+0001
end of iteration step no. 122
Next step: 122
122 -5.79900000000000E+0001
end of iteration step no. 123
Next step: 123
123 -5.69900000000000E+0001
end of iteration step no. 124
Next step: 124
124 -5.59900000000000E+0001
end of iteration step no. 125
Next step: 125
125 -5.49900000000000E+0001
end of iteration step no. 126
Next step: 126
126 -5.39900000000000E+0001
end of iteration step no. 127
Next step: 127
127 -5.29900000000000E+0001
end of iteration step no. 128
Next step: 128
128 -5.19900000000000E+0001
end of iteration step no. 129
Next step: 129
129 -5.09900000000000E+0001
end of iteration step no. 130
Next step: 130
130 -4.99900000000000E+0001
end of iteration step no. 131
Next step: 131
131 -4.89900000000000E+0001
end of iteration step no. 132
Next step: 132
132 -4.79900000000000E+0001
end of iteration step no. 133
Next step: 133
133 -4.69900000000000E+0001
end of iteration step no. 134
Next step: 134
134 -4.59900000000000E+0001
end of iteration step no. 135
Next step: 135
135 -4.49900000000000E+0001
end of iteration step no. 136
Next step: 136
136 -4.39900000000000E+0001
end of iteration step no. 137
Next step: 137
137 -4.29900000000000E+0001
end of iteration step no. 138
Next step: 138
138 -4.19900000000000E+0001
end of iteration step no. 139
Next step: 139
139 -4.09900000000000E+0001
end of iteration step no. 140
Next step: 140
140 -3.99900000000000E+0001
end of iteration step no. 141
Next step: 141
141 -3.89900000000000E+0001
end of iteration step no. 142
Next step: 142
142 -3.79900000000000E+0001
end of iteration step no. 143
Next step: 143
143 -3.69900000000000E+0001
end of iteration step no. 144
Next step: 144
144 -3.59900000000000E+0001
end of iteration step no. 145
Next step: 145
145 -3.49900000000000E+0001
end of iteration step no. 146
Next step: 146
146 -3.39900000000000E+0001
end of iteration step no. 147
Next step: 147
147 -3.29900000000000E+0001
end of iteration step no. 148
Next step: 148
148 -3.19900000000000E+0001
end of iteration step no. 149
Next step: 149
149 -3.09900000000000E+0001
end of iteration step no. 150
Next step: 150
150 -2.99900000000000E+0001
end of iteration step no. 151
Next step: 151
151 -2.89900000000000E+0001
end of iteration step no. 152
Next step: 152
152 -2.79900000000000E+0001
end of iteration step no. 153
Next step: 153
153 -2.69900000000000E+0001
end of iteration step no. 154
Next step: 154
154 -2.59900000000000E+0001
end of iteration step no. 155
Next step: 155
155 -2.49900000000000E+0001
end of iteration step no. 156
Next step: 156
156 -2.39900000000000E+0001
end of iteration step no. 157
Next step: 157
157 -2.29900000000000E+0001
end of iteration step no. 158
Next step: 158
158 -2.19900000000000E+0001
end of iteration step no. 159
Next step: 159
159 -2.09900000000000E+0001
end of iteration step no. 160
Next step: 160
160 -1.99900000000000E+0001
end of iteration step no. 161
Next step: 161
161 -1.89900000000000E+0001
end of iteration step no. 162
Next step: 162
162 -1.79900000000000E+0001
end of iteration step no. 163
Next step: 163
163 -1.69900000000000E+0001
end of iteration step no. 164
Next step: 164
164 -1.59900000000000E+0001
end of iteration step no. 165
Next step: 165
165 -1.49900000000000E+0001
end of iteration step no. 166
Next step: 166
166 -1.39900000000000E+0001
end of iteration step no. 167
Next step: 167
167 -1.29900000000000E+0001
end of iteration step no. 168
Next step: 168
168 -1.19900000000000E+0001
end of iteration step no. 169
Next step: 169
169 -1.09900000000000E+0001
end of iteration step no. 170
Next step: 170
170 -9.99000000000000E+0000
end of iteration step no. 171
Next step: 171
171 -8.99000000000000E+0000
end of iteration step no. 172
Next step: 172
172 -7.99000000000000E+0000
end of iteration step no. 173
Next step: 173
173 -6.99000000000000E+0000
end of iteration step no. 174
Next step: 174
174 -5.99000000000000E+0000
end of iteration step no. 175
Next step: 175
175 -4.99000000000000E+0000
end of iteration step no. 176
Next step: 176
176 -3.99000000000000E+0000
end of iteration step no. 177
Next step: 177
177 -2.99000000000000E+0000
end of iteration step no. 178
Next step: 178
178 -1.99000000000000E+0000
end of iteration step no. 179
Next step: 179
179 -9.90000000000000E-0001
end of iteration step no. 180
Next step: 180
180  1.00000000000000E-0002
end of iteration step no. 181
Next step: 181
181  1.01000000000000E+0000
end of iteration step no. 182
Next step: 182
182  2.01000000000000E+0000
end of iteration step no. 183
Next step: 183
183  3.01000000000000E+0000
end of iteration step no. 184
Next step: 184
184  4.01000000000000E+0000
end of iteration step no. 185
Next step: 185
185  5.01000000000000E+0000
end of iteration step no. 186
Next step: 186
186  6.01000000000000E+0000
end of iteration step no. 187
Next step: 187
187  7.01000000000000E+0000
end of iteration step no. 188
Next step: 188
188  8.01000000000000E+0000
end of iteration step no. 189
Next step: 189
189  9.01000000000000E+0000
end of iteration step no. 190
Next step: 190
190  1.00100000000000E+0001
end of iteration step no. 191
Next step: 191
191  1.10100000000000E+0001
end of iteration step no. 192
Next step: 192
192  1.20100000000000E+0001
end of iteration step no. 193
Next step: 193
193  1.30100000000000E+0001
end of iteration step no. 194
Next step: 194
194  1.40100000000000E+0001
end of iteration step no. 195
Next step: 195
195  1.50100000000000E+0001
end of iteration step no. 196
Next step: 196
196  1.60100000000000E+0001
end of iteration step no. 197
Next step: 197
197  1.70100000000000E+0001
end of iteration step no. 198
Next step: 198
198  1.80100000000000E+0001
end of iteration step no. 199
Next step: 199
199  1.90100000000000E+0001
end of iteration step no. 200
Next step: 200
200  2.00100000000000E+0001
end of iteration step no. 201
Next step: 201
201  2.10100000000000E+0001
end of iteration step no. 202
Next step: 202
202  2.20100000000000E+0001
end of iteration step no. 203
Next step: 203
203  2.30100000000000E+0001
end of iteration step no. 204
Next step: 204
204  2.40100000000000E+0001
end of iteration step no. 205
Next step: 205
205  2.50100000000000E+0001
end of iteration step no. 206
Next step: 206
206  2.60100000000000E+0001
end of iteration step no. 207
Next step: 207
207  2.70100000000000E+0001
end of iteration step no. 208
Next step: 208
208  2.80100000000000E+0001
end of iteration step no. 209
Next step: 209
209  2.90100000000000E+0001
end of iteration step no. 210
Next step: 210
210  3.00100000000000E+0001
end of iteration step no. 211
Next step: 211
211  3.10100000000000E+0001
end of iteration step no. 212
Next step: 212
212  3.20100000000000E+0001
end of iteration step no. 213
Next step: 213
213  3.30100000000000E+0001
end of iteration step no. 214
Next step: 214
214  3.40100000000000E+0001
end of iteration step no. 215
Next step: 215
215  3.50100000000000E+0001
end of iteration step no. 216
Next step: 216
216  3.60100000000000E+0001
end of iteration step no. 217
Next step: 217
217  3.70100000000000E+0001
end of iteration step no. 218
Next step: 218
218  3.80100000000000E+0001
end of iteration step no. 219
Next step: 219
219  3.90100000000000E+0001
end of iteration step no. 220
Next step: 220
220  4.00100000000000E+0001
end of iteration step no. 221
Next step: 221
221  4.10100000000000E+0001
end of iteration step no. 222
Next step: 222
222  4.20100000000000E+0001
end of iteration step no. 223
Next step: 223
223  4.30100000000000E+0001
end of iteration step no. 224
Next step: 224
224  4.40100000000000E+0001
end of iteration step no. 225
Next step: 225
225  4.50100000000000E+0001
end of iteration step no. 226
Next step: 226
226  4.60100000000000E+0001
end of iteration step no. 227
Next step: 227
227  4.70100000000000E+0001
end of iteration step no. 228
Next step: 228
228  4.80100000000000E+0001
end of iteration step no. 229
Next step: 229
229  4.90100000000000E+0001
end of iteration step no. 230
Next step: 230
230  5.00100000000000E+0001
end of iteration step no. 231
Next step: 231
231  5.10100000000000E+0001
end of iteration step no. 232
Next step: 232
232  5.20100000000000E+0001
end of iteration step no. 233
Next step: 233
233  5.30100000000000E+0001
end of iteration step no. 234
Next step: 234
234  5.40100000000000E+0001
end of iteration step no. 235
Next step: 235
235  5.50100000000000E+0001
end of iteration step no. 236
Next step: 236
236  5.60100000000000E+0001
end of iteration step no. 237
Next step: 237
237  5.70100000000000E+0001
end of iteration step no. 238
Next step: 238
238  5.80100000000000E+0001
end of iteration step no. 239
Next step: 239
239  5.90100000000000E+0001
end of iteration step no. 240
Next step: 240
240  6.00100000000000E+0001
end of iteration step no. 241
Next step: 241
241  6.10100000000000E+0001
end of iteration step no. 242
Next step: 242
242  6.20100000000000E+0001
end of iteration step no. 243
Next step: 243
243  6.30100000000000E+0001
end of iteration step no. 244
Next step: 244
244  6.40100000000000E+0001
end of iteration step no. 245
Next step: 245
245  6.50100000000000E+0001
end of iteration step no. 246
Next step: 246
246  6.60100000000000E+0001
end of iteration step no. 247
Next step: 247
247  6.70100000000000E+0001
end of iteration step no. 248
Next step: 248
248  6.80100000000000E+0001
end of iteration step no. 249
Next step: 249
249  6.90100000000000E+0001
end of iteration step no. 250
Next step: 250
250  7.00100000000000E+0001
end of iteration step no. 251
Next step: 251
251  7.10100000000000E+0001
end of iteration step no. 252
Next step: 252
252  7.20100000000000E+0001
end of iteration step no. 253
Next step: 253
253  7.30100000000000E+0001
end of iteration step no. 254
Next step: 254
254  7.40100000000000E+0001
end of iteration step no. 255
Next step: 255
255  7.50100000000000E+0001
end of iteration step no. 256
Next step: 256
256  7.60100000000000E+0001
end of iteration step no. 257
Next step: 257
257  7.70100000000000E+0001
end of iteration step no. 258
Next step: 258
258  7.80100000000000E+0001
end of iteration step no. 259
Next step: 259
259  7.90100000000000E+0001
end of iteration step no. 260
Next step: 260
260  8.00100000000000E+0001
end of iteration step no. 261
Next step: 261
261  8.10100000000000E+0001
end of iteration step no. 262
Next step: 262
262  8.20100000000000E+0001
end of iteration step no. 263
Next step: 263
263  8.30100000000000E+0001
end of iteration step no. 264
Next step: 264
264  8.40100000000000E+0001
end of iteration step no. 265
Next step: 265
265  8.50100000000000E+0001
end of iteration step no. 266
Next step: 266
266  8.60100000000000E+0001
end of iteration step no. 267
Next step: 267
267  8.70100000000000E+0001
end of iteration step no. 268
Next step: 268
268  8.80100000000000E+0001
end of iteration step no. 269
Next step: 269
269  8.90100000000000E+0001
end of iteration step no. 270
Next step: 270
270  9.00100000000000E+0001
end of iteration step no. 271
Next step: 271
271  9.10100000000000E+0001
end of iteration step no. 272
Next step: 272
272  9.20100000000000E+0001
end of iteration step no. 273
Next step: 273
273  9.30100000000000E+0001
end of iteration step no. 274
Next step: 274
274  9.40100000000000E+0001
end of iteration step no. 275
Next step: 275
275  9.50100000000000E+0001
end of iteration step no. 276
Next step: 276
276  9.60100000000000E+0001
end of iteration step no. 277
Next step: 277
277  9.70100000000000E+0001
end of iteration step no. 278
Next step: 278
278  9.80100000000000E+0001
end of iteration step no. 279
Next step: 279
279  9.90100000000000E+0001
end of iteration step no. 280
Next step: 280
280  1.00010000000000E+0002
end of iteration step no. 281
Next step: 281
281  1.01010000000000E+0002
end of iteration step no. 282
Next step: 282
282  1.02010000000000E+0002
end of iteration step no. 283
Next step: 283
283  1.03010000000000E+0002
end of iteration step no. 284
Next step: 284
284  1.04010000000000E+0002
end of iteration step no. 285
Next step: 285
285  1.05010000000000E+0002
end of iteration step no. 286
Next step: 286
286  1.06010000000000E+0002
end of iteration step no. 287
Next step: 287
287  1.07010000000000E+0002
end of iteration step no. 288
Next step: 288
288  1.08010000000000E+0002
end of iteration step no. 289
Next step: 289
289  1.09010000000000E+0002
end of iteration step no. 290
Next step: 290
290  1.10010000000000E+0002
end of iteration step no. 291
Next step: 291
291  1.11010000000000E+0002
end of iteration step no. 292
Next step: 292
292  1.12010000000000E+0002
end of iteration step no. 293
Next step: 293
293  1.13010000000000E+0002
end of iteration step no. 294
Next step: 294
294  1.14010000000000E+0002
end of iteration step no. 295
Next step: 295
295  1.15010000000000E+0002
end of iteration step no. 296
Next step: 296
296  1.16010000000000E+0002
end of iteration step no. 297
Next step: 297
297  1.17010000000000E+0002
end of iteration step no. 298
Next step: 298
298  1.18010000000000E+0002
end of iteration step no. 299
Next step: 299
299  1.19010000000000E+0002
end of iteration step no. 300
Next step: 300
300  1.20010000000000E+0002
end of iteration step no. 301
Next step: 301
301  1.21010000000000E+0002
end of iteration step no. 302
Next step: 302
302  1.22010000000000E+0002
end of iteration step no. 303
Next step: 303
303  1.23010000000000E+0002
end of iteration step no. 304
Next step: 304
304  1.24010000000000E+0002
end of iteration step no. 305
Next step: 305
305  1.25010000000000E+0002
end of iteration step no. 306
Next step: 306
306  1.26010000000000E+0002
end of iteration step no. 307
Next step: 307
307  1.27010000000000E+0002
end of iteration step no. 308
Next step: 308
308  1.28010000000000E+0002
end of iteration step no. 309
Next step: 309
309  1.29010000000000E+0002
end of iteration step no. 310
Next step: 310
310  1.30010000000000E+0002
end of iteration step no. 311
Next step: 311
311  1.31010000000000E+0002
end of iteration step no. 312
Next step: 312
312  1.32010000000000E+0002
end of iteration step no. 313
Next step: 313
313  1.33010000000000E+0002
end of iteration step no. 314
Next step: 314
314  1.34010000000000E+0002
end of iteration step no. 315
Next step: 315
315  1.35010000000000E+0002
end of iteration step no. 316
Next step: 316
316  1.36010000000000E+0002
end of iteration step no. 317
Next step: 317
317  1.37010000000000E+0002
end of iteration step no. 318
Next step: 318
318  1.38010000000000E+0002
end of iteration step no. 319
Next step: 319
319  1.39010000000000E+0002
end of iteration step no. 320
Next step: 320
320  1.40010000000000E+0002
end of iteration step no. 321
Next step: 321
321  1.41010000000000E+0002
end of iteration step no. 322
Next step: 322
322  1.42010000000000E+0002
end of iteration step no. 323
Next step: 323
323  1.43010000000000E+0002
end of iteration step no. 324
Next step: 324
324  1.44010000000000E+0002
end of iteration step no. 325
Next step: 325
325  1.45010000000000E+0002
end of iteration step no. 326
Next step: 326
326  1.46010000000000E+0002
end of iteration step no. 327
Next step: 327
327  1.47010000000000E+0002
end of iteration step no. 328
Next step: 328
328  1.48010000000000E+0002
end of iteration step no. 329
Next step: 329
329  1.49010000000000E+0002
end of iteration step no. 330
Next step: 330
330  1.50010000000000E+0002
end of iteration step no. 331
Next step: 331
331  1.51010000000000E+0002
end of iteration step no. 332
Next step: 332
332  1.52010000000000E+0002
end of iteration step no. 333
Next step: 333
333  1.53010000000000E+0002
end of iteration step no. 334
Next step: 334
334  1.54010000000000E+0002
end of iteration step no. 335
Next step: 335
335  1.55010000000000E+0002
end of iteration step no. 336
Next step: 336
336  1.56010000000000E+0002
end of iteration step no. 337
Next step: 337
337  1.57010000000000E+0002
end of iteration step no. 338
Next step: 338
338  1.58010000000000E+0002
end of iteration step no. 339
Next step: 339
339  1.59010000000000E+0002
end of iteration step no. 340
Next step: 340
340  1.60010000000000E+0002
end of iteration step no. 341
Next step: 341
341  1.61010000000000E+0002
end of iteration step no. 342
Next step: 342
342  1.62010000000000E+0002
end of iteration step no. 343
Next step: 343
343  1.63010000000000E+0002
end of iteration step no. 344
Next step: 344
344  1.64010000000000E+0002
end of iteration step no. 345
Next step: 345
345  1.65010000000000E+0002
end of iteration step no. 346
Next step: 346
346  1.66010000000000E+0002
end of iteration step no. 347
Next step: 347
347  1.67010000000000E+0002
end of iteration step no. 348
Next step: 348
348  1.68010000000000E+0002
end of iteration step no. 349
Next step: 349
349  1.69010000000000E+0002
end of iteration step no. 350
Next step: 350
350  1.70010000000000E+0002
end of iteration step no. 351
Next step: 351
351  1.71010000000000E+0002
end of iteration step no. 352
Next step: 352
352  1.72010000000000E+0002
end of iteration step no. 353
Next step: 353
353  1.73010000000000E+0002
end of iteration step no. 354
Next step: 354
354  1.74010000000000E+0002
end of iteration step no. 355
Next step: 355
355  1.75010000000000E+0002
end of iteration step no. 356
Next step: 356
356  1.76010000000000E+0002
end of iteration step no. 357
Next step: 357
357  1.77010000000000E+0002
end of iteration step no. 358
Next step: 358
358  1.78010000000000E+0002
end of iteration step no. 359
Next step: 359
359  1.79010000000000E+0002
end of iteration step no. 360
Next step: 360
360  1.80010000000000E+0002
end of iteration step no. 361
